Using pre-set license
Built from '2020.2/staging' branch; Version is '2020.2.5f1 (e2c53f129de5) revision 14861631'; Using compiler version '192528614'; Build Type 'Release'
OS: 'Windows 10 Home; OS build 19043.964; Version 2009; 64bit' Language: 'en' Physical Memory: 15970 MB
BatchMode: 1, IsHumanControllingUs: 0, StartBugReporterOnCrash: 0, Is64bit: 1, IsPro: 0

 COMMAND LINE ARGUMENTS:
C:\Program Files\Unity\Hub\Editor\2020.2.5f1\Editor\Unity.exe
-adb2
-batchMode
-noUpm
-name
AssetImportWorker0
-projectPath
C:/Users/emily/Documents/Zukurri/ZukurriUI
-logFile
Logs/AssetImportWorker0.log
-srvPort
52256
Successfully changed project path to: C:/Users/emily/Documents/Zukurri/ZukurriUI
C:/Users/emily/Documents/Zukurri/ZukurriUI
Using Asset Import Pipeline V2.
Refreshing native plugins compatible for Editor in 125.95 ms, found 0 plugins.
Preloading 0 native plugins for Editor in 0.00 ms.
Initialize engine version: 2020.2.5f1 (e2c53f129de5)
[Subsystems] Discovering subsystems at path C:/Program Files/Unity/Hub/Editor/2020.2.5f1/Editor/Data/Resources/UnitySubsystems
[Subsystems] Discovering subsystems at path C:/Users/emily/Documents/Zukurri/ZukurriUI/Assets
GfxDevice: creating device client; threaded=0
Direct3D:
    Version:  Direct3D 11.0 [level 11.1]
    Renderer: Intel(R) Iris(R) Plus Graphics (ID=0x8a52)
    Vendor:   
    VRAM:     7985 MB
    Driver:   27.20.100.8681
Initialize mono
Mono path[0] = 'C:/Program Files/Unity/Hub/Editor/2020.2.5f1/Editor/Data/Managed'
Mono path[1] = 'C:/Program Files/Unity/Hub/Editor/2020.2.5f1/Editor/Data/MonoBleedingEdge/lib/mono/unityjit'
Mono config path = 'C:/Program Files/Unity/Hub/Editor/2020.2.5f1/Editor/Data/MonoBleedingEdge/etc'
Using monoOptions --debugger-agent=transport=dt_socket,embedding=1,server=y,suspend=n,address=127.0.0.1:56528
Begin MonoManager ReloadAssembly
Registering precompiled unity dll's ...
Register platform support module: C:/Program Files/Unity/Hub/Editor/2020.2.5f1/Editor/Data/PlaybackEngines/WindowsStandaloneSupport/UnityEditor.WindowsStandalone.Extensions.dll
Registered in 0.006999 seconds.
Native extension for WindowsStandalone target not found
Refreshing native plugins compatible for Editor in 115.27 ms, found 0 plugins.
Preloading 0 native plugins for Editor in 0.00 ms.
Invoked RoslynAnalysisRunner static constructor.
RoslynAnalysisRunner will not be running.
RoslynAnalysisRunner has terminated.
Mono: successfully reloaded assembly
- Completed reload, in  5.580 seconds
Platform modules already initialized, skipping
Registering precompiled user dll's ...
Registered in 0.005856 seconds.
Begin MonoManager ReloadAssembly
Native extension for WindowsStandalone target not found
Refreshing native plugins compatible for Editor in 118.73 ms, found 0 plugins.
Preloading 0 native plugins for Editor in 0.00 ms.
Invoked RoslynAnalysisRunner static constructor.
RoslynAnalysisRunner will not be running.
RoslynAnalysisRunner has terminated.
Mono: successfully reloaded assembly
- Completed reload, in  2.990 seconds
Platform modules already initialized, skipping
========================================================================
Worker process is ready to serve import requests
Launched and connected shader compiler UnityShaderCompiler.exe after 0.13 seconds
Refreshing native plugins compatible for Editor in 0.91 ms, found 0 plugins.
Preloading 0 native plugins for Editor in 0.00 ms.
Unloading 2225 Unused Serialized files (Serialized files now loaded: 0)
System memory in use before: 94.1 MB.
System memory in use after: 94.1 MB.

Unloading 15 unused Assets to reduce memory usage. Loaded Objects now: 2673.
Total: 6.310900 ms (FindLiveObjects: 0.410800 ms CreateObjectMapping: 0.162800 ms MarkObjects: 5.520100 ms  DeleteObjects: 0.212800 ms)

========================================================================
Received Import Request.
  path: Assets/Images/Group 66.png
  artifactKey: Guid(268c63bc1dc669c478b194b2d4390280) Importer(815301076,1909f56bfc062723c751e8b465ee728b)
Start importing Assets/Images/Group 66.png using Guid(268c63bc1dc669c478b194b2d4390280) Importer(815301076,1909f56bfc062723c751e8b465ee728b)  -> (artifact id: '0851cdf4de54d423bf195f6ef797fec3') in 0.176397 seconds
  Import took 0.184334 seconds .

========================================================================
Received Import Request.
  Time since last request: 0.215610 seconds.
  path: Assets/Images/Group 66.png
  artifactKey: Guid(268c63bc1dc669c478b194b2d4390280) Importer(815301076,1909f56bfc062723c751e8b465ee728b)
Start importing Assets/Images/Group 66.png using Guid(268c63bc1dc669c478b194b2d4390280) Importer(815301076,1909f56bfc062723c751e8b465ee728b)  -> (artifact id: '094ad47c504ee4b0abaaf39ec9674e6a') in 0.144030 seconds
  Import took 0.157909 seconds .

========================================================================
Received Prepare
Registering precompiled user dll's ...
Registered in 0.012983 seconds.
Begin MonoManager ReloadAssembly
Native extension for WindowsStandalone target not found
Refreshing native plugins compatible for Editor in 0.85 ms, found 0 plugins.
Preloading 0 native plugins for Editor in 0.00 ms.
Invoked RoslynAnalysisRunner static constructor.
RoslynAnalysisRunner will not be running.
RoslynAnalysisRunner has terminated.
Mono: successfully reloaded assembly
- Completed reload, in  4.943 seconds
Platform modules already initialized, skipping
Switching build target platform(5) subTarget(0) extendedPlatform(0) -> platform(9) subTarget(16777218) extendedPlatform(0)
Refreshing native plugins compatible for Editor in 1.19 ms, found 0 plugins.
Preloading 0 native plugins for Editor in 0.00 ms.
Unloading 2210 Unused Serialized files (Serialized files now loaded: 0)
System memory in use before: 95.8 MB.
System memory in use after: 95.9 MB.

Unloading 8 unused Assets to reduce memory usage. Loaded Objects now: 2684.
Total: 7.620700 ms (FindLiveObjects: 1.435700 ms CreateObjectMapping: 0.532000 ms MarkObjects: 5.383700 ms  DeleteObjects: 0.257900 ms)

AssetImportParameters requested are different than current active one (requested -> active):
  custom:graphics/normal-map-encoding: 01000000000000000000000000000000 -> 02000000000000000000000000000000
========================================================================
Received Import Request.
  Time since last request: 1197.675913 seconds.
  path: Assets/Images/Group 34.png
  artifactKey: Guid(dd02ec15e4fdbc84882c9ede54415d67) Importer(815301076,1909f56bfc062723c751e8b465ee728b)
Start importing Assets/Images/Group 34.png using Guid(dd02ec15e4fdbc84882c9ede54415d67) Importer(815301076,1909f56bfc062723c751e8b465ee728b)  -> (artifact id: '2e5330ec82500a27aa7d9cf83fbd7fc7') in 0.141659 seconds
  Import took 0.160480 seconds .

========================================================================
Received Import Request.
  Time since last request: 12.565219 seconds.
  path: Assets/Images/Group 34.png
  artifactKey: Guid(dd02ec15e4fdbc84882c9ede54415d67) Importer(815301076,1909f56bfc062723c751e8b465ee728b)
Start importing Assets/Images/Group 34.png using Guid(dd02ec15e4fdbc84882c9ede54415d67) Importer(815301076,1909f56bfc062723c751e8b465ee728b)  -> (artifact id: 'dcee36ba88f23373d3ac2e6352f736fe') in 0.085506 seconds
  Import took 0.095917 seconds .

========================================================================
Received Import Request.
  Time since last request: 57.942824 seconds.
  path: Assets/Scenes/Model.unity
  artifactKey: Guid(5d0bc2ca22c9527478a552a678f3d222) Importer(815301076,1909f56bfc062723c751e8b465ee728b)
Start importing Assets/Scenes/Model.unity using Guid(5d0bc2ca22c9527478a552a678f3d222) Importer(815301076,1909f56bfc062723c751e8b465ee728b)  -> (artifact id: 'b1fea061a64b8678fbf4bbf4eccaf4e5') in 0.028744 seconds
  Import took 0.040896 seconds .

========================================================================
Received Prepare
Registering precompiled user dll's ...
Registered in 0.004863 seconds.
Begin MonoManager ReloadAssembly
Native extension for WindowsStandalone target not found
Refreshing native plugins compatible for Editor in 0.88 ms, found 0 plugins.
Preloading 0 native plugins for Editor in 0.00 ms.
Invoked RoslynAnalysisRunner static constructor.
RoslynAnalysisRunner will not be running.
RoslynAnalysisRunner has terminated.
Mono: successfully reloaded assembly
- Completed reload, in  2.744 seconds
Platform modules already initialized, skipping
Switching build target platform(5) subTarget(0) extendedPlatform(0) -> platform(9) subTarget(16777218) extendedPlatform(0)
Refreshing native plugins compatible for Editor in 0.76 ms, found 0 plugins.
Preloading 0 native plugins for Editor in 0.00 ms.
Unloading 2211 Unused Serialized files (Serialized files now loaded: 0)
System memory in use before: 95.9 MB.
System memory in use after: 96.0 MB.

Unloading 8 unused Assets to reduce memory usage. Loaded Objects now: 2690.
Total: 5.645300 ms (FindLiveObjects: 0.376800 ms CreateObjectMapping: 0.180400 ms MarkObjects: 4.945600 ms  DeleteObjects: 0.139500 ms)

AssetImportParameters requested are different than current active one (requested -> active):
  custom:graphics/normal-map-encoding: 01000000000000000000000000000000 -> 02000000000000000000000000000000
========================================================================
Received Prepare
Registering precompiled user dll's ...
Registered in 0.004509 seconds.
Begin MonoManager ReloadAssembly
Native extension for WindowsStandalone target not found
Refreshing native plugins compatible for Editor in 0.57 ms, found 0 plugins.
Preloading 0 native plugins for Editor in 0.00 ms.
Invoked RoslynAnalysisRunner static constructor.
RoslynAnalysisRunner will not be running.
RoslynAnalysisRunner has terminated.
Mono: successfully reloaded assembly
- Completed reload, in  2.694 seconds
Platform modules already initialized, skipping
Switching build target platform(5) subTarget(0) extendedPlatform(0) -> platform(9) subTarget(16777218) extendedPlatform(0)
Refreshing native plugins compatible for Editor in 0.69 ms, found 0 plugins.
Preloading 0 native plugins for Editor in 0.00 ms.
Unloading 2211 Unused Serialized files (Serialized files now loaded: 0)
System memory in use before: 95.9 MB.
System memory in use after: 96.0 MB.

Unloading 8 unused Assets to reduce memory usage. Loaded Objects now: 2694.
Total: 7.033300 ms (FindLiveObjects: 0.275300 ms CreateObjectMapping: 0.103800 ms MarkObjects: 6.299100 ms  DeleteObjects: 0.352700 ms)

AssetImportParameters requested are different than current active one (requested -> active):
  custom:graphics/normal-map-encoding: 01000000000000000000000000000000 -> 02000000000000000000000000000000
========================================================================
Received Import Request.
  Time since last request: 58.266618 seconds.
  path: Assets/Scripts/ShowMenu.cs
  artifactKey: Guid(f627bb0c5684aba40b017855529ca19a) Importer(815301076,1909f56bfc062723c751e8b465ee728b)
Start importing Assets/Scripts/ShowMenu.cs using Guid(f627bb0c5684aba40b017855529ca19a) Importer(815301076,1909f56bfc062723c751e8b465ee728b)  -> (artifact id: 'e03a47f3f05918d17cb5a533232073ac') in 0.041825 seconds
  Import took 0.051085 seconds .

========================================================================
Received Import Request.
  Time since last request: 69.231112 seconds.
  path: Assets/Scripts/WelcomeUser.cs
  artifactKey: Guid(21c18b826eeea7741b7369e5b1b3e275) Importer(815301076,1909f56bfc062723c751e8b465ee728b)
Start importing Assets/Scripts/WelcomeUser.cs using Guid(21c18b826eeea7741b7369e5b1b3e275) Importer(815301076,1909f56bfc062723c751e8b465ee728b)  -> (artifact id: 'c4a922ec82e86ade730b9e63b925953b') in 0.026758 seconds
  Import took 0.037465 seconds .

========================================================================
Received Import Request.
  Time since last request: 125.045162 seconds.
  path: Assets/Scenes/Model.unity
  artifactKey: Guid(5d0bc2ca22c9527478a552a678f3d222) Importer(815301076,1909f56bfc062723c751e8b465ee728b)
Start importing Assets/Scenes/Model.unity using Guid(5d0bc2ca22c9527478a552a678f3d222) Importer(815301076,1909f56bfc062723c751e8b465ee728b)  -> (artifact id: '2b02940fb0b752c6adf33c13e935224b') in 0.028082 seconds
  Import took 0.037641 seconds .

========================================================================
Received Prepare
Registering precompiled user dll's ...
Registered in 0.004594 seconds.
Begin MonoManager ReloadAssembly
Native extension for WindowsStandalone target not found
Refreshing native plugins compatible for Editor in 0.96 ms, found 0 plugins.
Preloading 0 native plugins for Editor in 0.00 ms.
Invoked RoslynAnalysisRunner static constructor.
RoslynAnalysisRunner will not be running.
RoslynAnalysisRunner has terminated.
Mono: successfully reloaded assembly
- Completed reload, in  2.840 seconds
Platform modules already initialized, skipping
Switching build target platform(5) subTarget(0) extendedPlatform(0) -> platform(9) subTarget(16777218) extendedPlatform(0)
Refreshing native plugins compatible for Editor in 0.81 ms, found 0 plugins.
Preloading 0 native plugins for Editor in 0.00 ms.
Unloading 2211 Unused Serialized files (Serialized files now loaded: 0)
System memory in use before: 96.0 MB.
System memory in use after: 96.1 MB.

Unloading 8 unused Assets to reduce memory usage. Loaded Objects now: 2698.
Total: 5.658600 ms (FindLiveObjects: 0.418100 ms CreateObjectMapping: 0.167800 ms MarkObjects: 4.902000 ms  DeleteObjects: 0.165300 ms)

AssetImportParameters requested are different than current active one (requested -> active):
  custom:graphics/normal-map-encoding: 01000000000000000000000000000000 -> 02000000000000000000000000000000
========================================================================
Received Import Request.
  Time since last request: 276.019940 seconds.
  path: Assets/Scripts/ShowMenu.cs
  artifactKey: Guid(f627bb0c5684aba40b017855529ca19a) Importer(815301076,1909f56bfc062723c751e8b465ee728b)
Start importing Assets/Scripts/ShowMenu.cs using Guid(f627bb0c5684aba40b017855529ca19a) Importer(815301076,1909f56bfc062723c751e8b465ee728b)  -> (artifact id: 'de60d58d2ab937f1d17300d652fdf3b8') in 0.011383 seconds
  Import took 0.018263 seconds .

========================================================================
Received Import Request.
  Time since last request: 79.257528 seconds.
  path: Assets/Scenes/Model.unity
  artifactKey: Guid(5d0bc2ca22c9527478a552a678f3d222) Importer(815301076,1909f56bfc062723c751e8b465ee728b)
Start importing Assets/Scenes/Model.unity using Guid(5d0bc2ca22c9527478a552a678f3d222) Importer(815301076,1909f56bfc062723c751e8b465ee728b)  -> (artifact id: 'ccadad62e3a45c2a7e357d6fe14db8c6') in 0.035311 seconds
  Import took 0.046825 seconds .

========================================================================
Received Import Request.
  Time since last request: 1822.595795 seconds.
  path: Assets/TextMesh Pro/Resources/TMP Settings.asset
  artifactKey: Guid(3f5b5dff67a942289a9defa416b206f3) Importer(815301076,1909f56bfc062723c751e8b465ee728b)
Start importing Assets/TextMesh Pro/Resources/TMP Settings.asset using Guid(3f5b5dff67a942289a9defa416b206f3) Importer(815301076,1909f56bfc062723c751e8b465ee728b)  -> (artifact id: '73413994cc2c8ea32bb46ab7da99121e') in 0.251055 seconds
  Import took 0.265111 seconds .

========================================================================
Received Import Request.
  Time since last request: 5.875298 seconds.
  path: Assets/Plugins/Demigiant/DOTween/Editor/Imgs/Header.jpg
  artifactKey: Guid(78a59ca99f8987941adb61f9e14a06a7) Importer(815301076,1909f56bfc062723c751e8b465ee728b)
Start importing Assets/Plugins/Demigiant/DOTween/Editor/Imgs/Header.jpg using Guid(78a59ca99f8987941adb61f9e14a06a7) Importer(815301076,1909f56bfc062723c751e8b465ee728b)  -> (artifact id: '1ff4d3e62e6fda610d8917a1cba07d1b') in 0.124756 seconds
  Import took 0.134492 seconds .

========================================================================
Received Import Request.
  Time since last request: 0.170192 seconds.
  path: Assets/Plugins/Demigiant/DOTween/Editor/Imgs/Footer.png
  artifactKey: Guid(7051dba417b3d53409f2918f1ea4938d) Importer(815301076,1909f56bfc062723c751e8b465ee728b)
Start importing Assets/Plugins/Demigiant/DOTween/Editor/Imgs/Footer.png using Guid(7051dba417b3d53409f2918f1ea4938d) Importer(815301076,1909f56bfc062723c751e8b465ee728b)  -> (artifact id: '47416751a816a73e023f57a188018437') in 0.053142 seconds
  Import took 0.062775 seconds .

========================================================================
Received Import Request.
  Time since last request: 0.000588 seconds.
  path: Assets/Plugins/Demigiant/DOTween/Editor/Imgs/Footer_dark.png
  artifactKey: Guid(519694efe2bb2914788b151fbd8c01f4) Importer(815301076,1909f56bfc062723c751e8b465ee728b)
Start importing Assets/Plugins/Demigiant/DOTween/Editor/Imgs/Footer_dark.png using Guid(519694efe2bb2914788b151fbd8c01f4) Importer(815301076,1909f56bfc062723c751e8b465ee728b)  -> (artifact id: '6937b6ecf45f821211339885cba3e498') in 0.078687 seconds
  Import took 0.090273 seconds .

========================================================================
Received Import Request.
  Time since last request: 0.135453 seconds.
  path: Assets/TextMesh Pro/Resources/Sprite Assets/EmojiOne.asset
  artifactKey: Guid(c41005c129ba4d66911b75229fd70b45) Importer(815301076,1909f56bfc062723c751e8b465ee728b)
Start importing Assets/TextMesh Pro/Resources/Sprite Assets/EmojiOne.asset using Guid(c41005c129ba4d66911b75229fd70b45) Importer(815301076,1909f56bfc062723c751e8b465ee728b)  -> (artifact id: '654906476d628e2c9875656d4d7d518e') in 0.083234 seconds
  Import took 0.095315 seconds .

========================================================================
Received Import Request.
  Time since last request: 0.254015 seconds.
  path: Assets/Plugins/Demigiant/DOTween/Editor/Imgs/DOTweenIcon.png
  artifactKey: Guid(8da095e39e9b4df488dfd436f81116d6) Importer(815301076,1909f56bfc062723c751e8b465ee728b)
Start importing Assets/Plugins/Demigiant/DOTween/Editor/Imgs/DOTweenIcon.png using Guid(8da095e39e9b4df488dfd436f81116d6) Importer(815301076,1909f56bfc062723c751e8b465ee728b)  -> (artifact id: '4fc40008d63bf560ff78a0b5d4700853') in 0.049088 seconds
  Import took 0.060986 seconds .

========================================================================
Received Import Request.
  Time since last request: 0.221861 seconds.
  path: Assets/TextMesh Pro/Resources/Style Sheets/Default Style Sheet.asset
  artifactKey: Guid(f952c082cb03451daed3ee968ac6c63e) Importer(815301076,1909f56bfc062723c751e8b465ee728b)
Start importing Assets/TextMesh Pro/Resources/Style Sheets/Default Style Sheet.asset using Guid(f952c082cb03451daed3ee968ac6c63e) Importer(815301076,1909f56bfc062723c751e8b465ee728b)  -> (artifact id: 'eccb26af3781461684f007058c3e1707') in 0.029072 seconds
  Import took 0.041361 seconds .

========================================================================
Received Import Request.
  Time since last request: 34.850560 seconds.
  path: Assets/Scenes/Model.unity
  artifactKey: Guid(5d0bc2ca22c9527478a552a678f3d222) Importer(815301076,1909f56bfc062723c751e8b465ee728b)
Start importing Assets/Scenes/Model.unity using Guid(5d0bc2ca22c9527478a552a678f3d222) Importer(815301076,1909f56bfc062723c751e8b465ee728b)  -> (artifact id: '1e96392386c8838ec1ea487bf1d9e156') in 0.009382 seconds
  Import took 0.022631 seconds .

========================================================================
Received Prepare
Registering precompiled user dll's ...
Registered in 0.004714 seconds.
Begin MonoManager ReloadAssembly
Native extension for WindowsStandalone target not found
Refreshing native plugins compatible for Editor in 1.22 ms, found 0 plugins.
Preloading 0 native plugins for Editor in 0.00 ms.
Invoked RoslynAnalysisRunner static constructor.
RoslynAnalysisRunner will not be running.
RoslynAnalysisRunner has terminated.
Mono: successfully reloaded assembly
- Completed reload, in  2.875 seconds
Platform modules already initialized, skipping
Switching build target platform(5) subTarget(0) extendedPlatform(0) -> platform(9) subTarget(16777218) extendedPlatform(0)
Refreshing native plugins compatible for Editor in 0.77 ms, found 0 plugins.
Preloading 0 native plugins for Editor in 0.00 ms.
Unloading 2211 Unused Serialized files (Serialized files now loaded: 0)
System memory in use before: 96.4 MB.
System memory in use after: 96.5 MB.

Unloading 8 unused Assets to reduce memory usage. Loaded Objects now: 2706.
Total: 5.523000 ms (FindLiveObjects: 0.434300 ms CreateObjectMapping: 0.187900 ms MarkObjects: 4.760700 ms  DeleteObjects: 0.136900 ms)

AssetImportParameters requested are different than current active one (requested -> active):
  custom:graphics/normal-map-encoding: 01000000000000000000000000000000 -> 02000000000000000000000000000000
========================================================================
Received Prepare
Registering precompiled user dll's ...
Registered in 0.004870 seconds.
Begin MonoManager ReloadAssembly
Native extension for WindowsStandalone target not found
Refreshing native plugins compatible for Editor in 0.68 ms, found 0 plugins.
Preloading 0 native plugins for Editor in 0.00 ms.
Invoked RoslynAnalysisRunner static constructor.
RoslynAnalysisRunner will not be running.
RoslynAnalysisRunner has terminated.
Mono: successfully reloaded assembly
- Completed reload, in  2.636 seconds
Platform modules already initialized, skipping
Switching build target platform(5) subTarget(0) extendedPlatform(0) -> platform(9) subTarget(16777218) extendedPlatform(0)
Refreshing native plugins compatible for Editor in 0.80 ms, found 0 plugins.
Preloading 0 native plugins for Editor in 0.00 ms.
Unloading 2211 Unused Serialized files (Serialized files now loaded: 0)
System memory in use before: 96.4 MB.
System memory in use after: 96.5 MB.

Unloading 8 unused Assets to reduce memory usage. Loaded Objects now: 2710.
Total: 5.384700 ms (FindLiveObjects: 0.385400 ms CreateObjectMapping: 0.169200 ms MarkObjects: 4.656300 ms  DeleteObjects: 0.169500 ms)

AssetImportParameters requested are different than current active one (requested -> active):
  custom:graphics/normal-map-encoding: 01000000000000000000000000000000 -> 02000000000000000000000000000000
========================================================================
Received Prepare
Registering precompiled user dll's ...
Registered in 0.004963 seconds.
Begin MonoManager ReloadAssembly
Native extension for WindowsStandalone target not found
Refreshing native plugins compatible for Editor in 0.70 ms, found 0 plugins.
Preloading 0 native plugins for Editor in 0.00 ms.
Invoked RoslynAnalysisRunner static constructor.
RoslynAnalysisRunner will not be running.
RoslynAnalysisRunner has terminated.
Mono: successfully reloaded assembly
- Completed reload, in  3.018 seconds
Platform modules already initialized, skipping
Switching build target platform(5) subTarget(0) extendedPlatform(0) -> platform(9) subTarget(16777218) extendedPlatform(0)
Refreshing native plugins compatible for Editor in 0.77 ms, found 0 plugins.
Preloading 0 native plugins for Editor in 0.00 ms.
Unloading 2211 Unused Serialized files (Serialized files now loaded: 0)
System memory in use before: 96.4 MB.
System memory in use after: 96.5 MB.

Unloading 8 unused Assets to reduce memory usage. Loaded Objects now: 2714.
Total: 5.053500 ms (FindLiveObjects: 0.384700 ms CreateObjectMapping: 0.183800 ms MarkObjects: 4.331200 ms  DeleteObjects: 0.149200 ms)

AssetImportParameters requested are different than current active one (requested -> active):
  custom:graphics/normal-map-encoding: 01000000000000000000000000000000 -> 02000000000000000000000000000000
========================================================================
Received Prepare
Registering precompiled user dll's ...
Registered in 0.004779 seconds.
Begin MonoManager ReloadAssembly
Native extension for WindowsStandalone target not found
Refreshing native plugins compatible for Editor in 0.77 ms, found 0 plugins.
Preloading 0 native plugins for Editor in 0.00 ms.
Invoked RoslynAnalysisRunner static constructor.
RoslynAnalysisRunner will not be running.
RoslynAnalysisRunner has terminated.
Mono: successfully reloaded assembly
- Completed reload, in  3.131 seconds
Platform modules already initialized, skipping
Switching build target platform(5) subTarget(0) extendedPlatform(0) -> platform(9) subTarget(16777218) extendedPlatform(0)
Refreshing native plugins compatible for Editor in 0.73 ms, found 0 plugins.
Preloading 0 native plugins for Editor in 0.00 ms.
Unloading 2211 Unused Serialized files (Serialized files now loaded: 0)
System memory in use before: 96.5 MB.
System memory in use after: 96.6 MB.

Unloading 8 unused Assets to reduce memory usage. Loaded Objects now: 2718.
Total: 6.882100 ms (FindLiveObjects: 0.479200 ms CreateObjectMapping: 0.197400 ms MarkObjects: 6.015700 ms  DeleteObjects: 0.186100 ms)

AssetImportParameters requested are different than current active one (requested -> active):
  custom:graphics/normal-map-encoding: 01000000000000000000000000000000 -> 02000000000000000000000000000000
========================================================================
Received Import Request.
  Time since last request: 2033.134010 seconds.
  path: Assets/Scenes/Model.unity
  artifactKey: Guid(5d0bc2ca22c9527478a552a678f3d222) Importer(815301076,1909f56bfc062723c751e8b465ee728b)
Start importing Assets/Scenes/Model.unity using Guid(5d0bc2ca22c9527478a552a678f3d222) Importer(815301076,1909f56bfc062723c751e8b465ee728b)  -> (artifact id: 'd1a390689d63652db23ef077266e8dda') in 0.042452 seconds
  Import took 0.061131 seconds .

========================================================================
Received Prepare
Registering precompiled user dll's ...
Registered in 0.006253 seconds.
Begin MonoManager ReloadAssembly
Native extension for WindowsStandalone target not found
Refreshing native plugins compatible for Editor in 0.77 ms, found 0 plugins.
Preloading 0 native plugins for Editor in 0.00 ms.
Invoked RoslynAnalysisRunner static constructor.
RoslynAnalysisRunner will not be running.
RoslynAnalysisRunner has terminated.
Mono: successfully reloaded assembly
- Completed reload, in  3.352 seconds
Platform modules already initialized, skipping
Switching build target platform(5) subTarget(0) extendedPlatform(0) -> platform(9) subTarget(16777218) extendedPlatform(0)
Refreshing native plugins compatible for Editor in 0.82 ms, found 0 plugins.
Preloading 0 native plugins for Editor in 0.00 ms.
Unloading 2211 Unused Serialized files (Serialized files now loaded: 0)
System memory in use before: 96.5 MB.
System memory in use after: 96.6 MB.

Unloading 8 unused Assets to reduce memory usage. Loaded Objects now: 2722.
Total: 7.661200 ms (FindLiveObjects: 1.110700 ms CreateObjectMapping: 0.336700 ms MarkObjects: 6.036300 ms  DeleteObjects: 0.169700 ms)

AssetImportParameters requested are different than current active one (requested -> active):
  custom:graphics/normal-map-encoding: 01000000000000000000000000000000 -> 02000000000000000000000000000000
========================================================================
Received Import Request.
  Time since last request: 601.421471 seconds.
  path: Assets/Scripts/RadialSlider.cs
  artifactKey: Guid(803cebee00d5c504e930205383017dc1) Importer(815301076,1909f56bfc062723c751e8b465ee728b)
Start importing Assets/Scripts/RadialSlider.cs using Guid(803cebee00d5c504e930205383017dc1) Importer(815301076,1909f56bfc062723c751e8b465ee728b)  -> (artifact id: '34e591cb37a1b4a3c85879bc8e50c6d7') in 0.044973 seconds
  Import took 0.059164 seconds .

========================================================================
Received Import Request.
  Time since last request: 0.013378 seconds.
  path: Assets/Scripts/RadialSlider.cs
  artifactKey: Guid(803cebee00d5c504e930205383017dc1) Importer(815301076,1909f56bfc062723c751e8b465ee728b)
Start importing Assets/Scripts/RadialSlider.cs using Guid(803cebee00d5c504e930205383017dc1) Importer(815301076,1909f56bfc062723c751e8b465ee728b)  -> (artifact id: '34e591cb37a1b4a3c85879bc8e50c6d7') in 0.011056 seconds
  Import took 0.022812 seconds .

AssetImportWorkerClient::OnTransportError - code=2 error=End of file
