Using pre-set license
Built from '2020.2/staging' branch; Version is '2020.2.5f1 (e2c53f129de5) revision 14861631'; Using compiler version '192528614'; Build Type 'Release'
OS: 'Windows 10 Home; OS build 19043.964; Version 2009; 64bit' Language: 'en' Physical Memory: 15970 MB
BatchMode: 1, IsHumanControllingUs: 0, StartBugReporterOnCrash: 0, Is64bit: 1, IsPro: 0

 COMMAND LINE ARGUMENTS:
C:\Program Files\Unity\Hub\Editor\2020.2.5f1\Editor\Unity.exe
-adb2
-batchMode
-noUpm
-name
AssetImportWorker0
-projectPath
C:/Users/emily/Documents/Zukurri/ZukurriUI
-logFile
Logs/AssetImportWorker0.log
-srvPort
54785
Successfully changed project path to: C:/Users/emily/Documents/Zukurri/ZukurriUI
C:/Users/emily/Documents/Zukurri/ZukurriUI
Using Asset Import Pipeline V2.
Refreshing native plugins compatible for Editor in 55.09 ms, found 0 plugins.
Preloading 0 native plugins for Editor in 0.00 ms.
Initialize engine version: 2020.2.5f1 (e2c53f129de5)
[Subsystems] Discovering subsystems at path C:/Program Files/Unity/Hub/Editor/2020.2.5f1/Editor/Data/Resources/UnitySubsystems
[Subsystems] Discovering subsystems at path C:/Users/emily/Documents/Zukurri/ZukurriUI/Assets
GfxDevice: creating device client; threaded=0
Direct3D:
    Version:  Direct3D 11.0 [level 11.1]
    Renderer: Intel(R) Iris(R) Plus Graphics (ID=0x8a52)
    Vendor:   
    VRAM:     7985 MB
    Driver:   27.20.100.8681
Initialize mono
Mono path[0] = 'C:/Program Files/Unity/Hub/Editor/2020.2.5f1/Editor/Data/Managed'
Mono path[1] = 'C:/Program Files/Unity/Hub/Editor/2020.2.5f1/Editor/Data/MonoBleedingEdge/lib/mono/unityjit'
Mono config path = 'C:/Program Files/Unity/Hub/Editor/2020.2.5f1/Editor/Data/MonoBleedingEdge/etc'
Using monoOptions --debugger-agent=transport=dt_socket,embedding=1,server=y,suspend=n,address=127.0.0.1:56408
Begin MonoManager ReloadAssembly
Registering precompiled unity dll's ...
Register platform support module: C:/Program Files/Unity/Hub/Editor/2020.2.5f1/Editor/Data/PlaybackEngines/WindowsStandaloneSupport/UnityEditor.WindowsStandalone.Extensions.dll
Registered in 0.002844 seconds.
Native extension for WindowsStandalone target not found
Refreshing native plugins compatible for Editor in 43.17 ms, found 0 plugins.
Preloading 0 native plugins for Editor in 0.00 ms.
Invoked RoslynAnalysisRunner static constructor.
RoslynAnalysisRunner will not be running.
RoslynAnalysisRunner has terminated.
Mono: successfully reloaded assembly
- Completed reload, in  2.436 seconds
Platform modules already initialized, skipping
Registering precompiled user dll's ...
Registered in 0.001717 seconds.
Begin MonoManager ReloadAssembly
Native extension for WindowsStandalone target not found
Refreshing native plugins compatible for Editor in 35.35 ms, found 0 plugins.
Preloading 0 native plugins for Editor in 0.00 ms.
Invoked RoslynAnalysisRunner static constructor.
RoslynAnalysisRunner will not be running.
RoslynAnalysisRunner has terminated.
Mono: successfully reloaded assembly
- Completed reload, in  1.103 seconds
Platform modules already initialized, skipping
========================================================================
Worker process is ready to serve import requests
Launched and connected shader compiler UnityShaderCompiler.exe after 0.08 seconds
Refreshing native plugins compatible for Editor in 0.36 ms, found 0 plugins.
Preloading 0 native plugins for Editor in 0.00 ms.
Unloading 2225 Unused Serialized files (Serialized files now loaded: 0)
System memory in use before: 94.1 MB.
System memory in use after: 94.1 MB.

Unloading 15 unused Assets to reduce memory usage. Loaded Objects now: 2673.
Total: 3.862700 ms (FindLiveObjects: 0.276600 ms CreateObjectMapping: 0.106100 ms MarkObjects: 3.331900 ms  DeleteObjects: 0.145100 ms)

========================================================================
Received Import Request.
  path: Assets/RadialSliderUI/Sprites/radial_sprite.psd
  artifactKey: Guid(ad716093ca8bdf84189f6a67bfb8e30e) Importer(815301076,1909f56bfc062723c751e8b465ee728b)
Start importing Assets/RadialSliderUI/Sprites/radial_sprite.psd using Guid(ad716093ca8bdf84189f6a67bfb8e30e) Importer(815301076,1909f56bfc062723c751e8b465ee728b)  -> (artifact id: '5fd63ee4f49d26150cdabcf6018044a0') in 0.148863 seconds
  Import took 0.156077 seconds .

========================================================================
Received Import Request.
  Time since last request: 31.162126 seconds.
  path: Assets/Scripts/RadialSlider.cs
  artifactKey: Guid(803cebee00d5c504e930205383017dc1) Importer(815301076,1909f56bfc062723c751e8b465ee728b)
Start importing Assets/Scripts/RadialSlider.cs using Guid(803cebee00d5c504e930205383017dc1) Importer(815301076,1909f56bfc062723c751e8b465ee728b)  -> (artifact id: 'fc6a1e41e1ff46e8e34672348f0288b1') in 0.020252 seconds
  Import took 0.025697 seconds .

========================================================================
Received Prepare
Registering precompiled user dll's ...
Registered in 0.001927 seconds.
Begin MonoManager ReloadAssembly
Native extension for WindowsStandalone target not found
Refreshing native plugins compatible for Editor in 0.49 ms, found 0 plugins.
Preloading 0 native plugins for Editor in 0.00 ms.
Invoked RoslynAnalysisRunner static constructor.
RoslynAnalysisRunner will not be running.
RoslynAnalysisRunner has terminated.
Mono: successfully reloaded assembly
- Completed reload, in  0.936 seconds
Platform modules already initialized, skipping
Switching build target platform(5) subTarget(0) extendedPlatform(0) -> platform(9) subTarget(16777218) extendedPlatform(0)
Refreshing native plugins compatible for Editor in 0.34 ms, found 0 plugins.
Preloading 0 native plugins for Editor in 0.00 ms.
Unloading 2210 Unused Serialized files (Serialized files now loaded: 0)
System memory in use before: 95.8 MB.
System memory in use after: 95.9 MB.

Unloading 8 unused Assets to reduce memory usage. Loaded Objects now: 2683.
Total: 3.656800 ms (FindLiveObjects: 0.286200 ms CreateObjectMapping: 0.088800 ms MarkObjects: 3.201900 ms  DeleteObjects: 0.078100 ms)

AssetImportParameters requested are different than current active one (requested -> active):
  custom:graphics/normal-map-encoding: 01000000000000000000000000000000 -> 02000000000000000000000000000000
========================================================================
Received Prepare
Registering precompiled user dll's ...
Registered in 0.001611 seconds.
Begin MonoManager ReloadAssembly
Native extension for WindowsStandalone target not found
Refreshing native plugins compatible for Editor in 0.30 ms, found 0 plugins.
Preloading 0 native plugins for Editor in 0.00 ms.
Invoked RoslynAnalysisRunner static constructor.
RoslynAnalysisRunner will not be running.
RoslynAnalysisRunner has terminated.
Mono: successfully reloaded assembly
- Completed reload, in  1.014 seconds
Platform modules already initialized, skipping
Switching build target platform(5) subTarget(0) extendedPlatform(0) -> platform(9) subTarget(16777218) extendedPlatform(0)
Refreshing native plugins compatible for Editor in 0.31 ms, found 0 plugins.
Preloading 0 native plugins for Editor in 0.00 ms.
Unloading 2210 Unused Serialized files (Serialized files now loaded: 0)
System memory in use before: 95.9 MB.
System memory in use after: 96.0 MB.

Unloading 8 unused Assets to reduce memory usage. Loaded Objects now: 2687.
Total: 6.083100 ms (FindLiveObjects: 0.578900 ms CreateObjectMapping: 0.233200 ms MarkObjects: 5.153900 ms  DeleteObjects: 0.113100 ms)

AssetImportParameters requested are different than current active one (requested -> active):
  custom:graphics/normal-map-encoding: 01000000000000000000000000000000 -> 02000000000000000000000000000000
========================================================================
Received Import Request.
  Time since last request: 165.429018 seconds.
  path: Assets/Scripts/RadialSlider.cs
  artifactKey: Guid(803cebee00d5c504e930205383017dc1) Importer(815301076,1909f56bfc062723c751e8b465ee728b)
Start importing Assets/Scripts/RadialSlider.cs using Guid(803cebee00d5c504e930205383017dc1) Importer(815301076,1909f56bfc062723c751e8b465ee728b)  -> (artifact id: '543e46ac1f6ccc6498ce0bba32755513') in 0.010463 seconds
  Import took 0.018724 seconds .

========================================================================
Received Prepare
Registering precompiled user dll's ...
Registered in 0.001561 seconds.
Begin MonoManager ReloadAssembly
Native extension for WindowsStandalone target not found
Refreshing native plugins compatible for Editor in 0.44 ms, found 0 plugins.
Preloading 0 native plugins for Editor in 0.00 ms.
Invoked RoslynAnalysisRunner static constructor.
RoslynAnalysisRunner will not be running.
RoslynAnalysisRunner has terminated.
Mono: successfully reloaded assembly
- Completed reload, in  1.011 seconds
Platform modules already initialized, skipping
Switching build target platform(5) subTarget(0) extendedPlatform(0) -> platform(9) subTarget(16777218) extendedPlatform(0)
Refreshing native plugins compatible for Editor in 0.64 ms, found 0 plugins.
Preloading 0 native plugins for Editor in 0.00 ms.
Unloading 2210 Unused Serialized files (Serialized files now loaded: 0)
System memory in use before: 95.9 MB.
System memory in use after: 96.0 MB.

Unloading 8 unused Assets to reduce memory usage. Loaded Objects now: 2691.
Total: 3.286800 ms (FindLiveObjects: 0.304000 ms CreateObjectMapping: 0.114800 ms MarkObjects: 2.805400 ms  DeleteObjects: 0.060000 ms)

AssetImportParameters requested are different than current active one (requested -> active):
  custom:graphics/normal-map-encoding: 01000000000000000000000000000000 -> 02000000000000000000000000000000
========================================================================
Received Import Request.
  Time since last request: 14.891591 seconds.
  path: Assets/Scripts/RadialSlider.cs
  artifactKey: Guid(803cebee00d5c504e930205383017dc1) Importer(815301076,1909f56bfc062723c751e8b465ee728b)
Start importing Assets/Scripts/RadialSlider.cs using Guid(803cebee00d5c504e930205383017dc1) Importer(815301076,1909f56bfc062723c751e8b465ee728b)  -> (artifact id: '81d06f85f69ae83693f9a96d22a6abcc') in 0.011481 seconds
  Import took 0.023726 seconds .

========================================================================
Received Prepare
Registering precompiled user dll's ...
Registered in 0.001505 seconds.
Begin MonoManager ReloadAssembly
Native extension for WindowsStandalone target not found
Refreshing native plugins compatible for Editor in 0.31 ms, found 0 plugins.
Preloading 0 native plugins for Editor in 0.00 ms.
Invoked RoslynAnalysisRunner static constructor.
RoslynAnalysisRunner will not be running.
RoslynAnalysisRunner has terminated.
Mono: successfully reloaded assembly
- Completed reload, in  0.999 seconds
Platform modules already initialized, skipping
Switching build target platform(5) subTarget(0) extendedPlatform(0) -> platform(9) subTarget(16777218) extendedPlatform(0)
Refreshing native plugins compatible for Editor in 0.40 ms, found 0 plugins.
Preloading 0 native plugins for Editor in 0.00 ms.
Unloading 2210 Unused Serialized files (Serialized files now loaded: 0)
System memory in use before: 95.9 MB.
System memory in use after: 96.0 MB.

Unloading 8 unused Assets to reduce memory usage. Loaded Objects now: 2695.
Total: 2.901800 ms (FindLiveObjects: 0.349400 ms CreateObjectMapping: 0.094700 ms MarkObjects: 2.362100 ms  DeleteObjects: 0.093700 ms)

AssetImportParameters requested are different than current active one (requested -> active):
  custom:graphics/normal-map-encoding: 01000000000000000000000000000000 -> 02000000000000000000000000000000
========================================================================
Received Import Request.
  Time since last request: 51.697091 seconds.
  path: Assets/Scripts/RadialSlider.cs
  artifactKey: Guid(803cebee00d5c504e930205383017dc1) Importer(815301076,1909f56bfc062723c751e8b465ee728b)
Start importing Assets/Scripts/RadialSlider.cs using Guid(803cebee00d5c504e930205383017dc1) Importer(815301076,1909f56bfc062723c751e8b465ee728b)  -> (artifact id: '8a94ce8abb50c1fa51bf8b9f1b5d74d5') in 0.005989 seconds
  Import took 0.024397 seconds .

========================================================================
Received Import Request.
  Time since last request: 1.495623 seconds.
  path: Assets/Scripts/RadialSlider.cs
  artifactKey: Guid(803cebee00d5c504e930205383017dc1) Importer(815301076,1909f56bfc062723c751e8b465ee728b)
Start importing Assets/Scripts/RadialSlider.cs using Guid(803cebee00d5c504e930205383017dc1) Importer(815301076,1909f56bfc062723c751e8b465ee728b)  -> (artifact id: '8a94ce8abb50c1fa51bf8b9f1b5d74d5') in 0.003240 seconds
  Import took 0.008123 seconds .

========================================================================
Received Prepare
Registering precompiled user dll's ...
Registered in 0.001520 seconds.
Begin MonoManager ReloadAssembly
Native extension for WindowsStandalone target not found
Refreshing native plugins compatible for Editor in 0.32 ms, found 0 plugins.
Preloading 0 native plugins for Editor in 0.00 ms.
Invoked RoslynAnalysisRunner static constructor.
RoslynAnalysisRunner will not be running.
RoslynAnalysisRunner has terminated.
Mono: successfully reloaded assembly
- Completed reload, in  1.033 seconds
Platform modules already initialized, skipping
Switching build target platform(5) subTarget(0) extendedPlatform(0) -> platform(9) subTarget(16777218) extendedPlatform(0)
Refreshing native plugins compatible for Editor in 0.51 ms, found 0 plugins.
Preloading 0 native plugins for Editor in 0.00 ms.
Unloading 2210 Unused Serialized files (Serialized files now loaded: 0)
System memory in use before: 95.9 MB.
System memory in use after: 96.0 MB.

Unloading 8 unused Assets to reduce memory usage. Loaded Objects now: 2699.
Total: 3.639200 ms (FindLiveObjects: 0.470800 ms CreateObjectMapping: 0.195800 ms MarkObjects: 2.894600 ms  DeleteObjects: 0.075600 ms)

AssetImportParameters requested are different than current active one (requested -> active):
  custom:graphics/normal-map-encoding: 01000000000000000000000000000000 -> 02000000000000000000000000000000
========================================================================
Received Import Request.
  Time since last request: 26.042052 seconds.
  path: Assets/Scripts/RadialSlider.cs
  artifactKey: Guid(803cebee00d5c504e930205383017dc1) Importer(815301076,1909f56bfc062723c751e8b465ee728b)
Start importing Assets/Scripts/RadialSlider.cs using Guid(803cebee00d5c504e930205383017dc1) Importer(815301076,1909f56bfc062723c751e8b465ee728b)  -> (artifact id: '00a892f3bb6118e1e44702f635839b1f') in 0.005705 seconds
  Import took 0.015038 seconds .

========================================================================
Received Import Request.
  Time since last request: 1.395808 seconds.
  path: Assets/Scripts/RadialSlider.cs
  artifactKey: Guid(803cebee00d5c504e930205383017dc1) Importer(815301076,1909f56bfc062723c751e8b465ee728b)
Start importing Assets/Scripts/RadialSlider.cs using Guid(803cebee00d5c504e930205383017dc1) Importer(815301076,1909f56bfc062723c751e8b465ee728b)  -> (artifact id: '00a892f3bb6118e1e44702f635839b1f') in 0.003464 seconds
  Import took 0.008236 seconds .

========================================================================
Received Prepare
Registering precompiled user dll's ...
Registered in 0.001511 seconds.
Begin MonoManager ReloadAssembly
Native extension for WindowsStandalone target not found
Refreshing native plugins compatible for Editor in 0.38 ms, found 0 plugins.
Preloading 0 native plugins for Editor in 0.00 ms.
Invoked RoslynAnalysisRunner static constructor.
RoslynAnalysisRunner will not be running.
RoslynAnalysisRunner has terminated.
Mono: successfully reloaded assembly
- Completed reload, in  1.112 seconds
Platform modules already initialized, skipping
Switching build target platform(5) subTarget(0) extendedPlatform(0) -> platform(9) subTarget(16777218) extendedPlatform(0)
Refreshing native plugins compatible for Editor in 0.38 ms, found 0 plugins.
Preloading 0 native plugins for Editor in 0.00 ms.
Unloading 2210 Unused Serialized files (Serialized files now loaded: 0)
System memory in use before: 95.9 MB.
System memory in use after: 96.0 MB.

Unloading 8 unused Assets to reduce memory usage. Loaded Objects now: 2703.
Total: 4.745600 ms (FindLiveObjects: 0.220500 ms CreateObjectMapping: 0.085700 ms MarkObjects: 4.297700 ms  DeleteObjects: 0.140000 ms)

AssetImportParameters requested are different than current active one (requested -> active):
  custom:graphics/normal-map-encoding: 01000000000000000000000000000000 -> 02000000000000000000000000000000
========================================================================
Received Import Request.
  Time since last request: 30.563309 seconds.
  path: Assets/Scripts/RadialSlider.cs
  artifactKey: Guid(803cebee00d5c504e930205383017dc1) Importer(815301076,1909f56bfc062723c751e8b465ee728b)
Start importing Assets/Scripts/RadialSlider.cs using Guid(803cebee00d5c504e930205383017dc1) Importer(815301076,1909f56bfc062723c751e8b465ee728b)  -> (artifact id: '06ca924c10330e7ae1657ec2df5272ed') in 0.005289 seconds
  Import took 0.015575 seconds .

========================================================================
Received Prepare
Registering precompiled user dll's ...
Registered in 0.002642 seconds.
Begin MonoManager ReloadAssembly
Native extension for WindowsStandalone target not found
Refreshing native plugins compatible for Editor in 0.58 ms, found 0 plugins.
Preloading 0 native plugins for Editor in 0.00 ms.
Invoked RoslynAnalysisRunner static constructor.
RoslynAnalysisRunner will not be running.
RoslynAnalysisRunner has terminated.
Mono: successfully reloaded assembly
- Completed reload, in  1.130 seconds
Platform modules already initialized, skipping
Switching build target platform(5) subTarget(0) extendedPlatform(0) -> platform(9) subTarget(16777218) extendedPlatform(0)
Refreshing native plugins compatible for Editor in 0.45 ms, found 0 plugins.
Preloading 0 native plugins for Editor in 0.00 ms.
Unloading 2210 Unused Serialized files (Serialized files now loaded: 0)
System memory in use before: 96.0 MB.
System memory in use after: 96.0 MB.

Unloading 8 unused Assets to reduce memory usage. Loaded Objects now: 2707.
Total: 3.780600 ms (FindLiveObjects: 0.537500 ms CreateObjectMapping: 0.198000 ms MarkObjects: 2.948300 ms  DeleteObjects: 0.095000 ms)

AssetImportParameters requested are different than current active one (requested -> active):
  custom:graphics/normal-map-encoding: 01000000000000000000000000000000 -> 02000000000000000000000000000000
========================================================================
Received Prepare
Registering precompiled user dll's ...
Registered in 0.001635 seconds.
Begin MonoManager ReloadAssembly
Native extension for WindowsStandalone target not found
Refreshing native plugins compatible for Editor in 0.45 ms, found 0 plugins.
Preloading 0 native plugins for Editor in 0.00 ms.
Invoked RoslynAnalysisRunner static constructor.
RoslynAnalysisRunner will not be running.
RoslynAnalysisRunner has terminated.
Mono: successfully reloaded assembly
- Completed reload, in  1.505 seconds
Platform modules already initialized, skipping
Switching build target platform(5) subTarget(0) extendedPlatform(0) -> platform(9) subTarget(16777218) extendedPlatform(0)
Refreshing native plugins compatible for Editor in 0.46 ms, found 0 plugins.
Preloading 0 native plugins for Editor in 0.00 ms.
Unloading 2210 Unused Serialized files (Serialized files now loaded: 0)
System memory in use before: 96.0 MB.
System memory in use after: 96.1 MB.

Unloading 8 unused Assets to reduce memory usage. Loaded Objects now: 2711.
Total: 3.445500 ms (FindLiveObjects: 0.513300 ms CreateObjectMapping: 0.236900 ms MarkObjects: 2.581200 ms  DeleteObjects: 0.110300 ms)

AssetImportParameters requested are different than current active one (requested -> active):
  custom:graphics/normal-map-encoding: 01000000000000000000000000000000 -> 02000000000000000000000000000000
========================================================================
Received Prepare
Registering precompiled user dll's ...
Registered in 0.001652 seconds.
Begin MonoManager ReloadAssembly
Native extension for WindowsStandalone target not found
Refreshing native plugins compatible for Editor in 0.31 ms, found 0 plugins.
Preloading 0 native plugins for Editor in 0.00 ms.
Invoked RoslynAnalysisRunner static constructor.
RoslynAnalysisRunner will not be running.
RoslynAnalysisRunner has terminated.
Mono: successfully reloaded assembly
- Completed reload, in  1.155 seconds
Platform modules already initialized, skipping
Switching build target platform(5) subTarget(0) extendedPlatform(0) -> platform(9) subTarget(16777218) extendedPlatform(0)
Refreshing native plugins compatible for Editor in 0.45 ms, found 0 plugins.
Preloading 0 native plugins for Editor in 0.00 ms.
Unloading 2210 Unused Serialized files (Serialized files now loaded: 0)
System memory in use before: 96.0 MB.
System memory in use after: 96.1 MB.

Unloading 8 unused Assets to reduce memory usage. Loaded Objects now: 2715.
Total: 4.013500 ms (FindLiveObjects: 0.462800 ms CreateObjectMapping: 0.183500 ms MarkObjects: 3.272000 ms  DeleteObjects: 0.088400 ms)

AssetImportParameters requested are different than current active one (requested -> active):
  custom:graphics/normal-map-encoding: 01000000000000000000000000000000 -> 02000000000000000000000000000000
========================================================================
Received Import Request.
  Time since last request: 366.855079 seconds.
  path: Assets/Images/Ellipse 99.png
  artifactKey: Guid(1a21b070a9557654cb1da64159213029) Importer(815301076,1909f56bfc062723c751e8b465ee728b)
Start importing Assets/Images/Ellipse 99.png using Guid(1a21b070a9557654cb1da64159213029) Importer(815301076,1909f56bfc062723c751e8b465ee728b)  -> (artifact id: '9f4cdbb5f93419e4c3c3cf324339c2df') in 0.068169 seconds
  Import took 0.073286 seconds .

========================================================================
Received Import Request.
  Time since last request: 118.845147 seconds.
  path: Assets/Images/RadialSlider.png
  artifactKey: Guid(37782bd6481134146ad2e0f834f795f6) Importer(815301076,1909f56bfc062723c751e8b465ee728b)
Start importing Assets/Images/RadialSlider.png using Guid(37782bd6481134146ad2e0f834f795f6) Importer(815301076,1909f56bfc062723c751e8b465ee728b)  -> (artifact id: '23a92a634eee51d93d6a287373af23fc') in 0.026340 seconds
  Import took 0.032065 seconds .

========================================================================
Received Import Request.
  Time since last request: 154.644362 seconds.
  path: Assets/Images/RadialSlider.png
  artifactKey: Guid(37782bd6481134146ad2e0f834f795f6) Importer(815301076,1909f56bfc062723c751e8b465ee728b)
Start importing Assets/Images/RadialSlider.png using Guid(37782bd6481134146ad2e0f834f795f6) Importer(815301076,1909f56bfc062723c751e8b465ee728b)  -> (artifact id: 'dcecdad21432a0418e4945b67b97cec5') in 0.028770 seconds
  Import took 0.036443 seconds .

========================================================================
Received Import Request.
  Time since last request: 14.855013 seconds.
  path: Assets/Images/RadialSlider.png
  artifactKey: Guid(37782bd6481134146ad2e0f834f795f6) Importer(815301076,1909f56bfc062723c751e8b465ee728b)
Start importing Assets/Images/RadialSlider.png using Guid(37782bd6481134146ad2e0f834f795f6) Importer(815301076,1909f56bfc062723c751e8b465ee728b)  -> (artifact id: '0fb410f2f80edfa5c3d3f19576287b70') in 0.047892 seconds
  Import took 0.053537 seconds .

========================================================================
Received Prepare
Registering precompiled user dll's ...
Registered in 0.002283 seconds.
Begin MonoManager ReloadAssembly
Native extension for WindowsStandalone target not found
Refreshing native plugins compatible for Editor in 0.57 ms, found 0 plugins.
Preloading 0 native plugins for Editor in 0.00 ms.
Invoked RoslynAnalysisRunner static constructor.
RoslynAnalysisRunner will not be running.
RoslynAnalysisRunner has terminated.
Mono: successfully reloaded assembly
- Completed reload, in  1.475 seconds
Platform modules already initialized, skipping
Switching build target platform(5) subTarget(0) extendedPlatform(0) -> platform(9) subTarget(16777218) extendedPlatform(0)
Refreshing native plugins compatible for Editor in 0.57 ms, found 0 plugins.
Preloading 0 native plugins for Editor in 0.00 ms.
Unloading 2210 Unused Serialized files (Serialized files now loaded: 0)
System memory in use before: 96.1 MB.
System memory in use after: 96.2 MB.

Unloading 8 unused Assets to reduce memory usage. Loaded Objects now: 2720.
Total: 3.907600 ms (FindLiveObjects: 0.526800 ms CreateObjectMapping: 0.215100 ms MarkObjects: 3.068700 ms  DeleteObjects: 0.094900 ms)

AssetImportParameters requested are different than current active one (requested -> active):
  custom:graphics/normal-map-encoding: 01000000000000000000000000000000 -> 02000000000000000000000000000000
========================================================================
Received Prepare
Registering precompiled user dll's ...
Registered in 0.001789 seconds.
Begin MonoManager ReloadAssembly
Native extension for WindowsStandalone target not found
Refreshing native plugins compatible for Editor in 0.49 ms, found 0 plugins.
Preloading 0 native plugins for Editor in 0.00 ms.
Invoked RoslynAnalysisRunner static constructor.
RoslynAnalysisRunner will not be running.
RoslynAnalysisRunner has terminated.
Mono: successfully reloaded assembly
- Completed reload, in  1.254 seconds
Platform modules already initialized, skipping
Switching build target platform(5) subTarget(0) extendedPlatform(0) -> platform(9) subTarget(16777218) extendedPlatform(0)
Refreshing native plugins compatible for Editor in 0.39 ms, found 0 plugins.
Preloading 0 native plugins for Editor in 0.00 ms.
Unloading 2210 Unused Serialized files (Serialized files now loaded: 0)
System memory in use before: 96.1 MB.
System memory in use after: 96.2 MB.

Unloading 8 unused Assets to reduce memory usage. Loaded Objects now: 2724.
Total: 3.183000 ms (FindLiveObjects: 0.295100 ms CreateObjectMapping: 0.102100 ms MarkObjects: 2.690100 ms  DeleteObjects: 0.091800 ms)

AssetImportParameters requested are different than current active one (requested -> active):
  custom:graphics/normal-map-encoding: 01000000000000000000000000000000 -> 02000000000000000000000000000000
========================================================================
Received Import Request.
  Time since last request: 96.447221 seconds.
  path: Assets/Images/RadialSlider 1.png
  artifactKey: Guid(c574a50f72cd0ae4991b711fd31488a0) Importer(815301076,1909f56bfc062723c751e8b465ee728b)
Start importing Assets/Images/RadialSlider 1.png using Guid(c574a50f72cd0ae4991b711fd31488a0) Importer(815301076,1909f56bfc062723c751e8b465ee728b)  -> (artifact id: 'cb7223702273aa68bd7281683a8b73d0') in 0.058190 seconds
  Import took 0.069916 seconds .

========================================================================
Received Import Request.
  Time since last request: 12.228594 seconds.
  path: Assets/Images/RadialSlider 1.png
  artifactKey: Guid(c574a50f72cd0ae4991b711fd31488a0) Importer(815301076,1909f56bfc062723c751e8b465ee728b)
Start importing Assets/Images/RadialSlider 1.png using Guid(c574a50f72cd0ae4991b711fd31488a0) Importer(815301076,1909f56bfc062723c751e8b465ee728b)  -> (artifact id: '61fb83ec5e45f805cefefba64dd06844') in 0.032171 seconds
  Import took 0.036667 seconds .

========================================================================
Received Import Request.
  Time since last request: 140.395783 seconds.
  path: Assets/Images/WhiteCircle.png
  artifactKey: Guid(9219532386ff2c44a946f5e0a945492d) Importer(815301076,1909f56bfc062723c751e8b465ee728b)
Start importing Assets/Images/WhiteCircle.png using Guid(9219532386ff2c44a946f5e0a945492d) Importer(815301076,1909f56bfc062723c751e8b465ee728b)  -> (artifact id: 'a288f874686051439bf55f4d9674bda2') in 0.115771 seconds
  Import took 0.121554 seconds .

========================================================================
Received Import Request.
  Time since last request: 5.270463 seconds.
  path: Assets/Images/WhiteCircle.png
  artifactKey: Guid(9219532386ff2c44a946f5e0a945492d) Importer(815301076,1909f56bfc062723c751e8b465ee728b)
Start importing Assets/Images/WhiteCircle.png using Guid(9219532386ff2c44a946f5e0a945492d) Importer(815301076,1909f56bfc062723c751e8b465ee728b)  -> (artifact id: '50983f897023bfa94fed16ad5049a048') in 0.031209 seconds
  Import took 0.036615 seconds .

========================================================================
Received Prepare
Registering precompiled user dll's ...
Registered in 0.001525 seconds.
Begin MonoManager ReloadAssembly
Native extension for WindowsStandalone target not found
Refreshing native plugins compatible for Editor in 0.35 ms, found 0 plugins.
Preloading 0 native plugins for Editor in 0.00 ms.
Invoked RoslynAnalysisRunner static constructor.
RoslynAnalysisRunner will not be running.
RoslynAnalysisRunner has terminated.
Mono: successfully reloaded assembly
- Completed reload, in  0.979 seconds
Platform modules already initialized, skipping
Switching build target platform(5) subTarget(0) extendedPlatform(0) -> platform(9) subTarget(16777218) extendedPlatform(0)
Refreshing native plugins compatible for Editor in 0.37 ms, found 0 plugins.
Preloading 0 native plugins for Editor in 0.00 ms.
Unloading 2210 Unused Serialized files (Serialized files now loaded: 0)
System memory in use before: 96.1 MB.
System memory in use after: 96.3 MB.

Unloading 8 unused Assets to reduce memory usage. Loaded Objects now: 2731.
Total: 4.669400 ms (FindLiveObjects: 0.309100 ms CreateObjectMapping: 0.289900 ms MarkObjects: 3.996700 ms  DeleteObjects: 0.072200 ms)

AssetImportParameters requested are different than current active one (requested -> active):
  custom:graphics/normal-map-encoding: 01000000000000000000000000000000 -> 02000000000000000000000000000000
========================================================================
Received Prepare
Registering precompiled user dll's ...
Registered in 0.001646 seconds.
Begin MonoManager ReloadAssembly
Native extension for WindowsStandalone target not found
Refreshing native plugins compatible for Editor in 0.36 ms, found 0 plugins.
Preloading 0 native plugins for Editor in 0.00 ms.
Invoked RoslynAnalysisRunner static constructor.
RoslynAnalysisRunner will not be running.
RoslynAnalysisRunner has terminated.
Mono: successfully reloaded assembly
- Completed reload, in  0.965 seconds
Platform modules already initialized, skipping
Switching build target platform(5) subTarget(0) extendedPlatform(0) -> platform(9) subTarget(16777218) extendedPlatform(0)
Refreshing native plugins compatible for Editor in 0.30 ms, found 0 plugins.
Preloading 0 native plugins for Editor in 0.00 ms.
Unloading 2210 Unused Serialized files (Serialized files now loaded: 0)
System memory in use before: 96.1 MB.
System memory in use after: 96.3 MB.

Unloading 8 unused Assets to reduce memory usage. Loaded Objects now: 2735.
Total: 2.734400 ms (FindLiveObjects: 0.292800 ms CreateObjectMapping: 0.055800 ms MarkObjects: 2.258600 ms  DeleteObjects: 0.124300 ms)

AssetImportParameters requested are different than current active one (requested -> active):
  custom:graphics/normal-map-encoding: 01000000000000000000000000000000 -> 02000000000000000000000000000000
========================================================================
Received Prepare
Registering precompiled user dll's ...
Registered in 0.002266 seconds.
Begin MonoManager ReloadAssembly
Native extension for WindowsStandalone target not found
Refreshing native plugins compatible for Editor in 0.48 ms, found 0 plugins.
Preloading 0 native plugins for Editor in 0.00 ms.
Invoked RoslynAnalysisRunner static constructor.
RoslynAnalysisRunner will not be running.
RoslynAnalysisRunner has terminated.
Mono: successfully reloaded assembly
- Completed reload, in  0.918 seconds
Platform modules already initialized, skipping
Switching build target platform(5) subTarget(0) extendedPlatform(0) -> platform(9) subTarget(16777218) extendedPlatform(0)
Refreshing native plugins compatible for Editor in 0.37 ms, found 0 plugins.
Preloading 0 native plugins for Editor in 0.00 ms.
Unloading 2210 Unused Serialized files (Serialized files now loaded: 0)
System memory in use before: 96.1 MB.
System memory in use after: 96.3 MB.

Unloading 8 unused Assets to reduce memory usage. Loaded Objects now: 2739.
Total: 2.603600 ms (FindLiveObjects: 0.215300 ms CreateObjectMapping: 0.057600 ms MarkObjects: 2.263600 ms  DeleteObjects: 0.065100 ms)

AssetImportParameters requested are different than current active one (requested -> active):
  custom:graphics/normal-map-encoding: 01000000000000000000000000000000 -> 02000000000000000000000000000000
========================================================================
Received Prepare
Registering precompiled user dll's ...
Registered in 0.003656 seconds.
Begin MonoManager ReloadAssembly
Native extension for WindowsStandalone target not found
Refreshing native plugins compatible for Editor in 0.48 ms, found 0 plugins.
Preloading 0 native plugins for Editor in 0.00 ms.
Invoked RoslynAnalysisRunner static constructor.
RoslynAnalysisRunner will not be running.
RoslynAnalysisRunner has terminated.
Mono: successfully reloaded assembly
- Completed reload, in  1.482 seconds
Platform modules already initialized, skipping
Switching build target platform(5) subTarget(0) extendedPlatform(0) -> platform(9) subTarget(16777218) extendedPlatform(0)
Refreshing native plugins compatible for Editor in 0.35 ms, found 0 plugins.
Preloading 0 native plugins for Editor in 0.00 ms.
Unloading 2210 Unused Serialized files (Serialized files now loaded: 0)
System memory in use before: 96.1 MB.
System memory in use after: 96.3 MB.

Unloading 8 unused Assets to reduce memory usage. Loaded Objects now: 2743.
Total: 3.172400 ms (FindLiveObjects: 0.500600 ms CreateObjectMapping: 0.162400 ms MarkObjects: 2.443200 ms  DeleteObjects: 0.064100 ms)

AssetImportParameters requested are different than current active one (requested -> active):
  custom:graphics/normal-map-encoding: 01000000000000000000000000000000 -> 02000000000000000000000000000000
========================================================================
Received Prepare
Registering precompiled user dll's ...
Registered in 0.002071 seconds.
Begin MonoManager ReloadAssembly
Native extension for WindowsStandalone target not found
Refreshing native plugins compatible for Editor in 0.36 ms, found 0 plugins.
Preloading 0 native plugins for Editor in 0.00 ms.
Invoked RoslynAnalysisRunner static constructor.
RoslynAnalysisRunner will not be running.
RoslynAnalysisRunner has terminated.
Mono: successfully reloaded assembly
- Completed reload, in  1.122 seconds
Platform modules already initialized, skipping
Switching build target platform(5) subTarget(0) extendedPlatform(0) -> platform(9) subTarget(16777218) extendedPlatform(0)
Refreshing native plugins compatible for Editor in 0.49 ms, found 0 plugins.
Preloading 0 native plugins for Editor in 0.00 ms.
Unloading 2210 Unused Serialized files (Serialized files now loaded: 0)
System memory in use before: 96.1 MB.
System memory in use after: 96.3 MB.

Unloading 8 unused Assets to reduce memory usage. Loaded Objects now: 2747.
Total: 3.568500 ms (FindLiveObjects: 0.256600 ms CreateObjectMapping: 0.398700 ms MarkObjects: 2.832200 ms  DeleteObjects: 0.069600 ms)

AssetImportParameters requested are different than current active one (requested -> active):
  custom:graphics/normal-map-encoding: 01000000000000000000000000000000 -> 02000000000000000000000000000000
========================================================================
Received Prepare
Registering precompiled user dll's ...
Registered in 0.002026 seconds.
Begin MonoManager ReloadAssembly
Native extension for WindowsStandalone target not found
Refreshing native plugins compatible for Editor in 0.62 ms, found 0 plugins.
Preloading 0 native plugins for Editor in 0.00 ms.
Invoked RoslynAnalysisRunner static constructor.
RoslynAnalysisRunner will not be running.
RoslynAnalysisRunner has terminated.
Mono: successfully reloaded assembly
- Completed reload, in  2.422 seconds
Platform modules already initialized, skipping
Switching build target platform(5) subTarget(0) extendedPlatform(0) -> platform(9) subTarget(16777218) extendedPlatform(0)
Refreshing native plugins compatible for Editor in 0.68 ms, found 0 plugins.
Preloading 0 native plugins for Editor in 0.00 ms.
Unloading 2210 Unused Serialized files (Serialized files now loaded: 0)
System memory in use before: 96.1 MB.
System memory in use after: 96.3 MB.

Unloading 8 unused Assets to reduce memory usage. Loaded Objects now: 2751.
Total: 5.086000 ms (FindLiveObjects: 0.392300 ms CreateObjectMapping: 0.261500 ms MarkObjects: 4.314500 ms  DeleteObjects: 0.114500 ms)

AssetImportParameters requested are different than current active one (requested -> active):
  custom:graphics/normal-map-encoding: 01000000000000000000000000000000 -> 02000000000000000000000000000000
========================================================================
Received Prepare
Registering precompiled user dll's ...
Registered in 0.002301 seconds.
Begin MonoManager ReloadAssembly
Native extension for WindowsStandalone target not found
Refreshing native plugins compatible for Editor in 0.39 ms, found 0 plugins.
Preloading 0 native plugins for Editor in 0.00 ms.
Invoked RoslynAnalysisRunner static constructor.
RoslynAnalysisRunner will not be running.
RoslynAnalysisRunner has terminated.
Mono: successfully reloaded assembly
- Completed reload, in  1.134 seconds
Platform modules already initialized, skipping
Switching build target platform(5) subTarget(0) extendedPlatform(0) -> platform(9) subTarget(16777218) extendedPlatform(0)
Refreshing native plugins compatible for Editor in 0.31 ms, found 0 plugins.
Preloading 0 native plugins for Editor in 0.00 ms.
Unloading 2210 Unused Serialized files (Serialized files now loaded: 0)
System memory in use before: 96.2 MB.
System memory in use after: 96.3 MB.

Unloading 8 unused Assets to reduce memory usage. Loaded Objects now: 2755.
Total: 4.014000 ms (FindLiveObjects: 0.199400 ms CreateObjectMapping: 0.076400 ms MarkObjects: 3.610800 ms  DeleteObjects: 0.126400 ms)

AssetImportParameters requested are different than current active one (requested -> active):
  custom:graphics/normal-map-encoding: 01000000000000000000000000000000 -> 02000000000000000000000000000000
========================================================================
Received Prepare
Registering precompiled user dll's ...
Registered in 0.001600 seconds.
Begin MonoManager ReloadAssembly
Native extension for WindowsStandalone target not found
Refreshing native plugins compatible for Editor in 0.39 ms, found 0 plugins.
Preloading 0 native plugins for Editor in 0.00 ms.
Invoked RoslynAnalysisRunner static constructor.
RoslynAnalysisRunner will not be running.
RoslynAnalysisRunner has terminated.
Mono: successfully reloaded assembly
- Completed reload, in  1.005 seconds
Platform modules already initialized, skipping
Switching build target platform(5) subTarget(0) extendedPlatform(0) -> platform(9) subTarget(16777218) extendedPlatform(0)
Refreshing native plugins compatible for Editor in 0.36 ms, found 0 plugins.
Preloading 0 native plugins for Editor in 0.00 ms.
Unloading 2210 Unused Serialized files (Serialized files now loaded: 0)
System memory in use before: 96.3 MB.
System memory in use after: 96.4 MB.

Unloading 8 unused Assets to reduce memory usage. Loaded Objects now: 2759.
Total: 2.700500 ms (FindLiveObjects: 0.234600 ms CreateObjectMapping: 0.119100 ms MarkObjects: 2.281300 ms  DeleteObjects: 0.063600 ms)

AssetImportParameters requested are different than current active one (requested -> active):
  custom:graphics/normal-map-encoding: 01000000000000000000000000000000 -> 02000000000000000000000000000000
========================================================================
Received Prepare
Registering precompiled user dll's ...
Registered in 0.002223 seconds.
Begin MonoManager ReloadAssembly
Native extension for WindowsStandalone target not found
Refreshing native plugins compatible for Editor in 0.45 ms, found 0 plugins.
Preloading 0 native plugins for Editor in 0.00 ms.
Invoked RoslynAnalysisRunner static constructor.
RoslynAnalysisRunner will not be running.
RoslynAnalysisRunner has terminated.
Mono: successfully reloaded assembly
- Completed reload, in  1.021 seconds
Platform modules already initialized, skipping
Switching build target platform(5) subTarget(0) extendedPlatform(0) -> platform(9) subTarget(16777218) extendedPlatform(0)
Refreshing native plugins compatible for Editor in 0.49 ms, found 0 plugins.
Preloading 0 native plugins for Editor in 0.00 ms.
Unloading 2210 Unused Serialized files (Serialized files now loaded: 0)
System memory in use before: 96.3 MB.
System memory in use after: 96.5 MB.

Unloading 8 unused Assets to reduce memory usage. Loaded Objects now: 2763.
Total: 4.183200 ms (FindLiveObjects: 0.380500 ms CreateObjectMapping: 0.239300 ms MarkObjects: 3.470000 ms  DeleteObjects: 0.090500 ms)

AssetImportParameters requested are different than current active one (requested -> active):
  custom:graphics/normal-map-encoding: 01000000000000000000000000000000 -> 02000000000000000000000000000000
========================================================================
Received Prepare
Registering precompiled user dll's ...
Registered in 0.001794 seconds.
Begin MonoManager ReloadAssembly
Native extension for WindowsStandalone target not found
Refreshing native plugins compatible for Editor in 0.30 ms, found 0 plugins.
Preloading 0 native plugins for Editor in 0.00 ms.
Invoked RoslynAnalysisRunner static constructor.
RoslynAnalysisRunner will not be running.
RoslynAnalysisRunner has terminated.
Mono: successfully reloaded assembly
- Completed reload, in  1.157 seconds
Platform modules already initialized, skipping
Switching build target platform(5) subTarget(0) extendedPlatform(0) -> platform(9) subTarget(16777218) extendedPlatform(0)
Refreshing native plugins compatible for Editor in 0.34 ms, found 0 plugins.
Preloading 0 native plugins for Editor in 0.00 ms.
Unloading 2210 Unused Serialized files (Serialized files now loaded: 0)
System memory in use before: 96.3 MB.
System memory in use after: 96.5 MB.

Unloading 8 unused Assets to reduce memory usage. Loaded Objects now: 2767.
Total: 4.032300 ms (FindLiveObjects: 0.272700 ms CreateObjectMapping: 0.077500 ms MarkObjects: 3.589600 ms  DeleteObjects: 0.089700 ms)

AssetImportParameters requested are different than current active one (requested -> active):
  custom:graphics/normal-map-encoding: 01000000000000000000000000000000 -> 02000000000000000000000000000000
========================================================================
Received Import Request.
  Time since last request: 1169.633105 seconds.
  path: Assets/Plugins/Demigiant/DOTween
  artifactKey: Guid(4b41ad850afe16e43bb494023859ce6e) Importer(815301076,1909f56bfc062723c751e8b465ee728b)
Start importing Assets/Plugins/Demigiant/DOTween using Guid(4b41ad850afe16e43bb494023859ce6e) Importer(815301076,1909f56bfc062723c751e8b465ee728b)  -> (artifact id: 'a322581e02ea1258dce88a16ecce1e16') in 0.014771 seconds
  Import took 0.020049 seconds .

========================================================================
Received Import Request.
  Time since last request: 715.368117 seconds.
  path: Assets/Images/Ellipse 64.png
  artifactKey: Guid(6f02e258233bbbf478f39ffa9e16d7ae) Importer(815301076,1909f56bfc062723c751e8b465ee728b)
Start importing Assets/Images/Ellipse 64.png using Guid(6f02e258233bbbf478f39ffa9e16d7ae) Importer(815301076,1909f56bfc062723c751e8b465ee728b)  -> (artifact id: '9815cb3325c14db9e7d0899f7c4beddc') in 0.060247 seconds
  Import took 0.065821 seconds .

========================================================================
Received Import Request.
  Time since last request: 7.623504 seconds.
  path: Assets/Images/Ellipse 64.png
  artifactKey: Guid(6f02e258233bbbf478f39ffa9e16d7ae) Importer(815301076,1909f56bfc062723c751e8b465ee728b)
Start importing Assets/Images/Ellipse 64.png using Guid(6f02e258233bbbf478f39ffa9e16d7ae) Importer(815301076,1909f56bfc062723c751e8b465ee728b)  -> (artifact id: '67afcb58301238cb35860c5b4fa894fa') in 0.035200 seconds
  Import took 0.040898 seconds .

========================================================================
Received Import Request.
  Time since last request: 360.332885 seconds.
  path: Assets/Scripts/SliderMenu.cs
  artifactKey: Guid(b7cbb0717d0d090428226eb1972b9fed) Importer(815301076,1909f56bfc062723c751e8b465ee728b)
Start importing Assets/Scripts/SliderMenu.cs using Guid(b7cbb0717d0d090428226eb1972b9fed) Importer(815301076,1909f56bfc062723c751e8b465ee728b)  -> (artifact id: '9488f3a5a7fe01dee1736552a0deb6e6') in 0.009429 seconds
  Import took 0.016745 seconds .

========================================================================
Received Prepare
Registering precompiled user dll's ...
Registered in 0.001490 seconds.
Begin MonoManager ReloadAssembly
Native extension for WindowsStandalone target not found
Refreshing native plugins compatible for Editor in 0.47 ms, found 0 plugins.
Preloading 0 native plugins for Editor in 0.00 ms.
Invoked RoslynAnalysisRunner static constructor.
RoslynAnalysisRunner will not be running.
RoslynAnalysisRunner has terminated.
Mono: successfully reloaded assembly
- Completed reload, in  1.061 seconds
Platform modules already initialized, skipping
Switching build target platform(5) subTarget(0) extendedPlatform(0) -> platform(9) subTarget(16777218) extendedPlatform(0)
Refreshing native plugins compatible for Editor in 0.35 ms, found 0 plugins.
Preloading 0 native plugins for Editor in 0.00 ms.
Unloading 2210 Unused Serialized files (Serialized files now loaded: 0)
System memory in use before: 96.3 MB.
System memory in use after: 96.5 MB.

Unloading 8 unused Assets to reduce memory usage. Loaded Objects now: 2774.
Total: 6.982800 ms (FindLiveObjects: 0.591100 ms CreateObjectMapping: 0.153700 ms MarkObjects: 6.119500 ms  DeleteObjects: 0.116400 ms)

AssetImportParameters requested are different than current active one (requested -> active):
  custom:graphics/normal-map-encoding: 01000000000000000000000000000000 -> 02000000000000000000000000000000
========================================================================
Received Prepare
Registering precompiled user dll's ...
Registered in 0.001559 seconds.
Begin MonoManager ReloadAssembly
Native extension for WindowsStandalone target not found
Refreshing native plugins compatible for Editor in 0.33 ms, found 0 plugins.
Preloading 0 native plugins for Editor in 0.00 ms.
Invoked RoslynAnalysisRunner static constructor.
RoslynAnalysisRunner will not be running.
RoslynAnalysisRunner has terminated.
Mono: successfully reloaded assembly
- Completed reload, in  1.122 seconds
Platform modules already initialized, skipping
Switching build target platform(5) subTarget(0) extendedPlatform(0) -> platform(9) subTarget(16777218) extendedPlatform(0)
Refreshing native plugins compatible for Editor in 0.59 ms, found 0 plugins.
Preloading 0 native plugins for Editor in 0.00 ms.
Unloading 2210 Unused Serialized files (Serialized files now loaded: 0)
System memory in use before: 96.3 MB.
System memory in use after: 96.5 MB.

Unloading 8 unused Assets to reduce memory usage. Loaded Objects now: 2778.
Total: 4.698600 ms (FindLiveObjects: 0.325700 ms CreateObjectMapping: 0.193500 ms MarkObjects: 4.054200 ms  DeleteObjects: 0.123700 ms)

AssetImportParameters requested are different than current active one (requested -> active):
  custom:graphics/normal-map-encoding: 01000000000000000000000000000000 -> 02000000000000000000000000000000
========================================================================
Received Prepare
Registering precompiled user dll's ...
Registered in 0.001853 seconds.
Begin MonoManager ReloadAssembly
Native extension for WindowsStandalone target not found
Refreshing native plugins compatible for Editor in 0.30 ms, found 0 plugins.
Preloading 0 native plugins for Editor in 0.00 ms.
Invoked RoslynAnalysisRunner static constructor.
RoslynAnalysisRunner will not be running.
RoslynAnalysisRunner has terminated.
Mono: successfully reloaded assembly
- Completed reload, in  1.087 seconds
Platform modules already initialized, skipping
Switching build target platform(5) subTarget(0) extendedPlatform(0) -> platform(9) subTarget(16777218) extendedPlatform(0)
Refreshing native plugins compatible for Editor in 0.32 ms, found 0 plugins.
Preloading 0 native plugins for Editor in 0.00 ms.
Unloading 2210 Unused Serialized files (Serialized files now loaded: 0)
System memory in use before: 96.3 MB.
System memory in use after: 96.5 MB.

Unloading 8 unused Assets to reduce memory usage. Loaded Objects now: 2782.
Total: 2.767900 ms (FindLiveObjects: 0.509900 ms CreateObjectMapping: 0.114900 ms MarkObjects: 2.076500 ms  DeleteObjects: 0.064400 ms)

AssetImportParameters requested are different than current active one (requested -> active):
  custom:graphics/normal-map-encoding: 01000000000000000000000000000000 -> 02000000000000000000000000000000
========================================================================
Received Prepare
Registering precompiled user dll's ...
Registered in 0.001625 seconds.
Begin MonoManager ReloadAssembly
Native extension for WindowsStandalone target not found
Refreshing native plugins compatible for Editor in 0.40 ms, found 0 plugins.
Preloading 0 native plugins for Editor in 0.00 ms.
Invoked RoslynAnalysisRunner static constructor.
RoslynAnalysisRunner will not be running.
RoslynAnalysisRunner has terminated.
Mono: successfully reloaded assembly
- Completed reload, in  1.068 seconds
Platform modules already initialized, skipping
Switching build target platform(5) subTarget(0) extendedPlatform(0) -> platform(9) subTarget(16777218) extendedPlatform(0)
Refreshing native plugins compatible for Editor in 0.31 ms, found 0 plugins.
Preloading 0 native plugins for Editor in 0.00 ms.
Unloading 2210 Unused Serialized files (Serialized files now loaded: 0)
System memory in use before: 96.3 MB.
System memory in use after: 96.5 MB.

Unloading 8 unused Assets to reduce memory usage. Loaded Objects now: 2786.
Total: 4.321900 ms (FindLiveObjects: 0.437800 ms CreateObjectMapping: 0.141200 ms MarkObjects: 3.674300 ms  DeleteObjects: 0.066900 ms)

AssetImportParameters requested are different than current active one (requested -> active):
  custom:graphics/normal-map-encoding: 01000000000000000000000000000000 -> 02000000000000000000000000000000
========================================================================
Received Prepare
Registering precompiled user dll's ...
Registered in 0.001535 seconds.
Begin MonoManager ReloadAssembly
Native extension for WindowsStandalone target not found
Refreshing native plugins compatible for Editor in 0.52 ms, found 0 plugins.
Preloading 0 native plugins for Editor in 0.00 ms.
Invoked RoslynAnalysisRunner static constructor.
RoslynAnalysisRunner will not be running.
RoslynAnalysisRunner has terminated.
Mono: successfully reloaded assembly
- Completed reload, in  0.931 seconds
Platform modules already initialized, skipping
Switching build target platform(5) subTarget(0) extendedPlatform(0) -> platform(9) subTarget(16777218) extendedPlatform(0)
Refreshing native plugins compatible for Editor in 0.37 ms, found 0 plugins.
Preloading 0 native plugins for Editor in 0.00 ms.
Unloading 2210 Unused Serialized files (Serialized files now loaded: 0)
System memory in use before: 96.3 MB.
System memory in use after: 96.5 MB.

Unloading 8 unused Assets to reduce memory usage. Loaded Objects now: 2790.
Total: 5.680900 ms (FindLiveObjects: 1.011300 ms CreateObjectMapping: 0.193500 ms MarkObjects: 4.404400 ms  DeleteObjects: 0.070100 ms)

AssetImportParameters requested are different than current active one (requested -> active):
  custom:graphics/normal-map-encoding: 01000000000000000000000000000000 -> 02000000000000000000000000000000
========================================================================
Received Prepare
Registering precompiled user dll's ...
Registered in 0.001693 seconds.
Begin MonoManager ReloadAssembly
Native extension for WindowsStandalone target not found
Refreshing native plugins compatible for Editor in 0.30 ms, found 0 plugins.
Preloading 0 native plugins for Editor in 0.00 ms.
Invoked RoslynAnalysisRunner static constructor.
RoslynAnalysisRunner will not be running.
RoslynAnalysisRunner has terminated.
Mono: successfully reloaded assembly
- Completed reload, in  0.999 seconds
Platform modules already initialized, skipping
Switching build target platform(5) subTarget(0) extendedPlatform(0) -> platform(9) subTarget(16777218) extendedPlatform(0)
Refreshing native plugins compatible for Editor in 0.45 ms, found 0 plugins.
Preloading 0 native plugins for Editor in 0.00 ms.
Unloading 2210 Unused Serialized files (Serialized files now loaded: 0)
System memory in use before: 96.3 MB.
System memory in use after: 96.5 MB.

Unloading 8 unused Assets to reduce memory usage. Loaded Objects now: 2794.
Total: 2.487400 ms (FindLiveObjects: 0.277000 ms CreateObjectMapping: 0.129400 ms MarkObjects: 1.969100 ms  DeleteObjects: 0.110200 ms)

AssetImportParameters requested are different than current active one (requested -> active):
  custom:graphics/normal-map-encoding: 01000000000000000000000000000000 -> 02000000000000000000000000000000
========================================================================
Received Import Request.
  Time since last request: 1739.794203 seconds.
  path: Assets/Scenes/LoadscreenFinal.unity
  artifactKey: Guid(d5d4c6f651e992248b8ec5aec8bdd60b) Importer(815301076,1909f56bfc062723c751e8b465ee728b)
Start importing Assets/Scenes/LoadscreenFinal.unity using Guid(d5d4c6f651e992248b8ec5aec8bdd60b) Importer(815301076,1909f56bfc062723c751e8b465ee728b)  -> (artifact id: '1c0af6f86a3827739201b39cf5af6cad') in 0.029818 seconds
  Import took 0.036564 seconds .

========================================================================
Received Import Request.
  Time since last request: 64.535393 seconds.
  path: Assets/Animator/SideBar 2.controller
  artifactKey: Guid(2ceebb9e64aa9bb4b8d998d4b0f1def7) Importer(815301076,1909f56bfc062723c751e8b465ee728b)
Start importing Assets/Animator/SideBar 2.controller using Guid(2ceebb9e64aa9bb4b8d998d4b0f1def7) Importer(815301076,1909f56bfc062723c751e8b465ee728b)  -> (artifact id: '0f41b3df966d6fc53514d76ef7c33e48') in 0.022694 seconds
  Import took 0.031257 seconds .

========================================================================
Received Import Request.
  Time since last request: 0.001045 seconds.
  path: Assets/Animator/SideBar 2.controller
  artifactKey: Guid(2ceebb9e64aa9bb4b8d998d4b0f1def7) Importer(815301076,1909f56bfc062723c751e8b465ee728b)
Start importing Assets/Animator/SideBar 2.controller using Guid(2ceebb9e64aa9bb4b8d998d4b0f1def7) Importer(815301076,1909f56bfc062723c751e8b465ee728b)  -> (artifact id: '0f41b3df966d6fc53514d76ef7c33e48') in 0.005324 seconds
  Import took 0.009505 seconds .

========================================================================
Received Prepare
Registering precompiled user dll's ...
Registered in 0.001756 seconds.
Begin MonoManager ReloadAssembly
Native extension for WindowsStandalone target not found
Refreshing native plugins compatible for Editor in 0.61 ms, found 0 plugins.
Preloading 0 native plugins for Editor in 0.00 ms.
Invoked RoslynAnalysisRunner static constructor.
RoslynAnalysisRunner will not be running.
RoslynAnalysisRunner has terminated.
Mono: successfully reloaded assembly
- Completed reload, in  1.264 seconds
Platform modules already initialized, skipping
Switching build target platform(5) subTarget(0) extendedPlatform(0) -> platform(9) subTarget(16777218) extendedPlatform(0)
Refreshing native plugins compatible for Editor in 0.39 ms, found 0 plugins.
Preloading 0 native plugins for Editor in 0.00 ms.
Unloading 2210 Unused Serialized files (Serialized files now loaded: 0)
System memory in use before: 96.4 MB.
System memory in use after: 96.6 MB.

Unloading 8 unused Assets to reduce memory usage. Loaded Objects now: 2798.
Total: 3.123500 ms (FindLiveObjects: 0.203400 ms CreateObjectMapping: 0.078700 ms MarkObjects: 2.770200 ms  DeleteObjects: 0.070000 ms)

AssetImportParameters requested are different than current active one (requested -> active):
  custom:graphics/normal-map-encoding: 01000000000000000000000000000000 -> 02000000000000000000000000000000
========================================================================
Received Prepare
Registering precompiled user dll's ...
Registered in 0.001861 seconds.
Begin MonoManager ReloadAssembly
Native extension for WindowsStandalone target not found
Refreshing native plugins compatible for Editor in 0.32 ms, found 0 plugins.
Preloading 0 native plugins for Editor in 0.00 ms.
Invoked RoslynAnalysisRunner static constructor.
RoslynAnalysisRunner will not be running.
RoslynAnalysisRunner has terminated.
Mono: successfully reloaded assembly
- Completed reload, in  1.099 seconds
Platform modules already initialized, skipping
Switching build target platform(5) subTarget(0) extendedPlatform(0) -> platform(9) subTarget(16777218) extendedPlatform(0)
Refreshing native plugins compatible for Editor in 0.30 ms, found 0 plugins.
Preloading 0 native plugins for Editor in 0.00 ms.
Unloading 2210 Unused Serialized files (Serialized files now loaded: 0)
System memory in use before: 96.4 MB.
System memory in use after: 96.6 MB.

Unloading 8 unused Assets to reduce memory usage. Loaded Objects now: 2802.
Total: 3.899500 ms (FindLiveObjects: 0.357100 ms CreateObjectMapping: 0.136300 ms MarkObjects: 3.315700 ms  DeleteObjects: 0.087900 ms)

AssetImportParameters requested are different than current active one (requested -> active):
  custom:graphics/normal-map-encoding: 01000000000000000000000000000000 -> 02000000000000000000000000000000
========================================================================
Received Import Request.
  Time since last request: 477.493093 seconds.
  path: Assets/Scenes/Model.unity
  artifactKey: Guid(5d0bc2ca22c9527478a552a678f3d222) Importer(815301076,1909f56bfc062723c751e8b465ee728b)
Start importing Assets/Scenes/Model.unity using Guid(5d0bc2ca22c9527478a552a678f3d222) Importer(815301076,1909f56bfc062723c751e8b465ee728b)  -> (artifact id: 'bb3c979c1ebf0f09c19e40a4956779fd') in 0.020653 seconds
  Import took 0.025646 seconds .

========================================================================
Received Import Request.
  Time since last request: 0.077533 seconds.
  path: Assets/Scenes/Model.unity
  artifactKey: Guid(5d0bc2ca22c9527478a552a678f3d222) Importer(815301076,1909f56bfc062723c751e8b465ee728b)
Start importing Assets/Scenes/Model.unity using Guid(5d0bc2ca22c9527478a552a678f3d222) Importer(815301076,1909f56bfc062723c751e8b465ee728b)  -> (artifact id: 'bb3c979c1ebf0f09c19e40a4956779fd') in 0.004912 seconds
  Import took 0.009016 seconds .

AssetImportWorkerClient::OnTransportError - code=2 error=End of file
